-------------------------------------------------------------------------------
Test set: TestSuite
-------------------------------------------------------------------------------
Tests run: 4, Failures: 1, Errors: 0, Skipped: 0, Time elapsed: 134.378 s <<< FAILURE! - in TestSuite
testCases.Test_script_Test2.validateElements  Time elapsed: 0.002 s  <<< FAILURE!
java.lang.AssertionError: expected [info@qaclickacademy.coms] but found [info@qaclickacademy.com]
	at testCases.Test_script_Test2.validateElements(Test_script_Test2.java:39)

